<?xml version="1.0" encoding="UTF-8"?>
<testng-results ignored="0" total="1" passed="1" failed="0" skipped="0">
  <reporter-output>
  </reporter-output>
  <suite started-at="2024-08-14T14:29:11 IST" name="Default suite" finished-at="2024-08-14T14:29:11 IST" duration-ms="49">
    <groups>
    </groups>
    <test started-at="2024-08-14T14:29:11 IST" name="Default test" finished-at="2024-08-14T14:29:11 IST" duration-ms="49">
      <class name="GitScript.Demo01">
        <test-method signature="reverse()[pri:0, instance:GitScript.Demo01@be35cd9]" started-at="2024-08-14T14:29:11 IST" name="reverse" finished-at="2024-08-14T14:29:11 IST" duration-ms="9" status="PASS">
          <reporter-output>
          </reporter-output>
        </test-method> <!-- reverse -->
      </class> <!-- GitScript.Demo01 -->
    </test> <!-- Default test -->
  </suite> <!-- Default suite -->
</testng-results>
